> Task :gradle:checkKotlinGradlePluginConfigurationErrors SKIPPED
> Task :gradle:compileKotlin UP-TO-DATE
> Task :gradle:compileJava NO-SOURCE
> Task :gradle:compileGroovy NO-SOURCE
> Task :gradle:pluginDescriptors UP-TO-DATE
> Task :gradle:processResources UP-TO-DATE
> Task :gradle:classes UP-TO-DATE
> Task :gradle:jar UP-TO-DATE

FAILURE: Build failed with an exception.

* Where:
Build file 'C:\juji\yak-biseo_mvp\android\build.gradle.kts' line: 34

* What went wrong:
A problem occurred configuring project ':app'.
> java.nio.file.InvalidPathException: Trailing char < > at index 40: C:\Users\jully\AppData\Local\Android\Sdk 

* Try:
> Run with --stacktrace option to get the stack trace.
> Run with --info or --debug option to get more log output.
> Run with --scan to get full insights.
> Get more help at https://help.gradle.org.

BUILD FAILED in 1s
4 actionable tasks: 4 up-to-date
